\BOOKMARK [0][-]{chapter.1}{\376\377\0001\000\040\000M\000o\000d\000u\000l\000e\000\040\000I\000n\000d\000e\000x}{}% 1
\BOOKMARK [1][-]{section.1.1}{\376\377\0001\000.\0001\000\040\000M\000o\000d\000u\000l\000e\000s}{chapter.1}% 2
\BOOKMARK [0][-]{chapter.2}{\376\377\0002\000\040\000F\000i\000l\000e\000\040\000I\000n\000d\000e\000x}{}% 3
\BOOKMARK [1][-]{section.2.1}{\376\377\0002\000.\0001\000\040\000F\000i\000l\000e\000\040\000L\000i\000s\000t}{chapter.2}% 4
\BOOKMARK [0][-]{chapter.3}{\376\377\0003\000\040\000M\000o\000d\000u\000l\000e\000\040\000D\000o\000c\000u\000m\000e\000n\000t\000a\000t\000i\000o\000n}{}% 5
\BOOKMARK [1][-]{section.3.1}{\376\377\0003\000.\0001\000\040\000E\000C\000U\000A\000L\000\040\000l\000a\000y\000e\000r}{chapter.3}% 6
\BOOKMARK [2][-]{subsection.3.1.1}{\376\377\0003\000.\0001\000.\0001\000\040\000D\000e\000t\000a\000i\000l\000e\000d\000\040\000D\000e\000s\000c\000r\000i\000p\000t\000i\000o\000n}{section.3.1}% 7
\BOOKMARK [1][-]{section.3.2}{\376\377\0003\000.\0002\000\040\000B\000u\000t\000t\000o\000n\000\040\000d\000r\000i\000v\000e\000r}{chapter.3}% 8
\BOOKMARK [2][-]{subsection.3.2.1}{\376\377\0003\000.\0002\000.\0001\000\040\000D\000e\000t\000a\000i\000l\000e\000d\000\040\000D\000e\000s\000c\000r\000i\000p\000t\000i\000o\000n}{section.3.2}% 9
\BOOKMARK [2][-]{subsection.3.2.2}{\376\377\0003\000.\0002\000.\0002\000\040\000F\000u\000n\000c\000t\000i\000o\000n\000\040\000D\000o\000c\000u\000m\000e\000n\000t\000a\000t\000i\000o\000n}{section.3.2}% 10
\BOOKMARK [3][-]{subsubsection.3.2.2.1}{\376\377\0003\000.\0002\000.\0002\000.\0001\000\040\000b\000u\000t\000t\000o\000n\000I\000n\000i\000t\000\050\000\051}{subsection.3.2.2}% 11
\BOOKMARK [3][-]{subsubsection.3.2.2.2}{\376\377\0003\000.\0002\000.\0002\000.\0002\000\040\000b\000u\000t\000t\000o\000n\000R\000e\000a\000d\000\050\000\051}{subsection.3.2.2}% 12
\BOOKMARK [1][-]{section.3.3}{\376\377\0003\000.\0003\000\040\000L\000E\000D\000\040\000d\000r\000i\000v\000e\000r}{chapter.3}% 13
\BOOKMARK [2][-]{subsection.3.3.1}{\376\377\0003\000.\0003\000.\0001\000\040\000D\000e\000t\000a\000i\000l\000e\000d\000\040\000D\000e\000s\000c\000r\000i\000p\000t\000i\000o\000n}{section.3.3}% 14
\BOOKMARK [2][-]{subsection.3.3.2}{\376\377\0003\000.\0003\000.\0002\000\040\000F\000u\000n\000c\000t\000i\000o\000n\000\040\000D\000o\000c\000u\000m\000e\000n\000t\000a\000t\000i\000o\000n}{section.3.3}% 15
\BOOKMARK [3][-]{subsubsection.3.3.2.1}{\376\377\0003\000.\0003\000.\0002\000.\0001\000\040\000l\000e\000d\000I\000n\000i\000t\000\050\000\051}{subsection.3.3.2}% 16
\BOOKMARK [3][-]{subsubsection.3.3.2.2}{\376\377\0003\000.\0003\000.\0002\000.\0002\000\040\000l\000e\000d\000O\000f\000f\000\050\000\051}{subsection.3.3.2}% 17
\BOOKMARK [3][-]{subsubsection.3.3.2.3}{\376\377\0003\000.\0003\000.\0002\000.\0003\000\040\000l\000e\000d\000O\000n\000\050\000\051}{subsection.3.3.2}% 18
\BOOKMARK [3][-]{subsubsection.3.3.2.4}{\376\377\0003\000.\0003\000.\0002\000.\0004\000\040\000l\000e\000d\000T\000o\000g\000g\000l\000e\000\050\000\051}{subsection.3.3.2}% 19
\BOOKMARK [1][-]{section.3.4}{\376\377\0003\000.\0004\000\040\000M\000C\000A\000L\000\040\000l\000a\000y\000e\000r}{chapter.3}% 20
\BOOKMARK [2][-]{subsection.3.4.1}{\376\377\0003\000.\0004\000.\0001\000\040\000D\000e\000t\000a\000i\000l\000e\000d\000\040\000D\000e\000s\000c\000r\000i\000p\000t\000i\000o\000n}{section.3.4}% 21
\BOOKMARK [1][-]{section.3.5}{\376\377\0003\000.\0005\000\040\000D\000I\000O\000\040\000d\000r\000i\000v\000e\000r}{chapter.3}% 22
\BOOKMARK [2][-]{subsection.3.5.1}{\376\377\0003\000.\0005\000.\0001\000\040\000D\000e\000t\000a\000i\000l\000e\000d\000\040\000D\000e\000s\000c\000r\000i\000p\000t\000i\000o\000n}{section.3.5}% 23
\BOOKMARK [2][-]{subsection.3.5.2}{\376\377\0003\000.\0005\000.\0002\000\040\000F\000u\000n\000c\000t\000i\000o\000n\000\040\000D\000o\000c\000u\000m\000e\000n\000t\000a\000t\000i\000o\000n}{section.3.5}% 24
\BOOKMARK [3][-]{subsubsection.3.5.2.1}{\376\377\0003\000.\0005\000.\0002\000.\0001\000\040\000D\000I\000O\000\137\000p\000i\000n\000I\000n\000i\000t\000\050\000\051}{subsection.3.5.2}% 25
\BOOKMARK [3][-]{subsubsection.3.5.2.2}{\376\377\0003\000.\0005\000.\0002\000.\0002\000\040\000D\000I\000O\000\137\000p\000i\000n\000R\000e\000a\000d\000\050\000\051}{subsection.3.5.2}% 26
\BOOKMARK [3][-]{subsubsection.3.5.2.3}{\376\377\0003\000.\0005\000.\0002\000.\0003\000\040\000D\000I\000O\000\137\000p\000i\000n\000T\000o\000g\000g\000l\000e\000\050\000\051}{subsection.3.5.2}% 27
\BOOKMARK [3][-]{subsubsection.3.5.2.4}{\376\377\0003\000.\0005\000.\0002\000.\0004\000\040\000D\000I\000O\000\137\000p\000i\000n\000W\000r\000i\000t\000e\000\050\000\051}{subsection.3.5.2}% 28
\BOOKMARK [1][-]{section.3.6}{\376\377\0003\000.\0006\000\040\000I\000n\000t\000e\000r\000r\000u\000p\000t\000s\000\040\000d\000r\000i\000v\000e\000r}{chapter.3}% 29
\BOOKMARK [2][-]{subsection.3.6.1}{\376\377\0003\000.\0006\000.\0001\000\040\000D\000e\000t\000a\000i\000l\000e\000d\000\040\000D\000e\000s\000c\000r\000i\000p\000t\000i\000o\000n}{section.3.6}% 30
\BOOKMARK [1][-]{section.3.7}{\376\377\0003\000.\0007\000\040\000A\000T\000M\000E\000G\000A\0003\0002\000\040\000i\000n\000t\000e\000r\000r\000u\000p\000t\000s\000\040\000d\000e\000f\000i\000n\000i\000t\000i\000o\000n\000s}{chapter.3}% 31
\BOOKMARK [2][-]{subsection.3.7.1}{\376\377\0003\000.\0007\000.\0001\000\040\000D\000e\000t\000a\000i\000l\000e\000d\000\040\000D\000e\000s\000c\000r\000i\000p\000t\000i\000o\000n}{section.3.7}% 32
\BOOKMARK [2][-]{subsection.3.7.2}{\376\377\0003\000.\0007\000.\0002\000\040\000M\000a\000c\000r\000o\000\040\000D\000e\000f\000i\000n\000i\000t\000i\000o\000n\000\040\000D\000o\000c\000u\000m\000e\000n\000t\000a\000t\000i\000o\000n}{section.3.7}% 33
\BOOKMARK [3][-]{subsubsection.3.7.2.1}{\376\377\0003\000.\0007\000.\0002\000.\0001\000\040\000A\000D\000C}{subsection.3.7.2}% 34
\BOOKMARK [3][-]{subsubsection.3.7.2.2}{\376\377\0003\000.\0007\000.\0002\000.\0002\000\040\000A\000N\000A\000\137\000C\000O\000M\000P}{subsection.3.7.2}% 35
\BOOKMARK [3][-]{subsubsection.3.7.2.3}{\376\377\0003\000.\0007\000.\0002\000.\0003\000\040\000c\000l\000i}{subsection.3.7.2}% 36
\BOOKMARK [3][-]{subsubsection.3.7.2.4}{\376\377\0003\000.\0007\000.\0002\000.\0004\000\040\000E\000E\000\137\000R\000D\000Y}{subsection.3.7.2}% 37
\BOOKMARK [3][-]{subsubsection.3.7.2.5}{\376\377\0003\000.\0007\000.\0002\000.\0005\000\040\000E\000X\000T\000\137\000I\000N\000T\0000}{subsection.3.7.2}% 38
\BOOKMARK [3][-]{subsubsection.3.7.2.6}{\376\377\0003\000.\0007\000.\0002\000.\0006\000\040\000E\000X\000T\000\137\000I\000N\000T\0001}{subsection.3.7.2}% 39
\BOOKMARK [3][-]{subsubsection.3.7.2.7}{\376\377\0003\000.\0007\000.\0002\000.\0007\000\040\000E\000X\000T\000\137\000I\000N\000T\0002}{subsection.3.7.2}% 40
\BOOKMARK [3][-]{subsubsection.3.7.2.8}{\376\377\0003\000.\0007\000.\0002\000.\0008\000\040\000I\000S\000R}{subsection.3.7.2}% 41
\BOOKMARK [3][-]{subsubsection.3.7.2.9}{\376\377\0003\000.\0007\000.\0002\000.\0009\000\040\000s\000e\000i}{subsection.3.7.2}% 42
\BOOKMARK [3][-]{subsubsection.3.7.2.10}{\376\377\0003\000.\0007\000.\0002\000.\0001\0000\000\040\000S\000P\000I\000\137\000S\000T\000C}{subsection.3.7.2}% 43
\BOOKMARK [3][-]{subsubsection.3.7.2.11}{\376\377\0003\000.\0007\000.\0002\000.\0001\0001\000\040\000S\000P\000M\000\137\000R\000D\000Y}{subsection.3.7.2}% 44
\BOOKMARK [3][-]{subsubsection.3.7.2.12}{\376\377\0003\000.\0007\000.\0002\000.\0001\0002\000\040\000T\000I\000M\0000\000\137\000C\000O\000M\000P}{subsection.3.7.2}% 45
\BOOKMARK [3][-]{subsubsection.3.7.2.13}{\376\377\0003\000.\0007\000.\0002\000.\0001\0003\000\040\000T\000I\000M\0000\000\137\000O\000V\000F}{subsection.3.7.2}% 46
\BOOKMARK [3][-]{subsubsection.3.7.2.14}{\376\377\0003\000.\0007\000.\0002\000.\0001\0004\000\040\000T\000I\000M\0001\000\137\000C\000A\000P\000T}{subsection.3.7.2}% 47
\BOOKMARK [3][-]{subsubsection.3.7.2.15}{\376\377\0003\000.\0007\000.\0002\000.\0001\0005\000\040\000T\000I\000M\0001\000\137\000C\000O\000M\000P\000A}{subsection.3.7.2}% 48
\BOOKMARK [3][-]{subsubsection.3.7.2.16}{\376\377\0003\000.\0007\000.\0002\000.\0001\0006\000\040\000T\000I\000M\0001\000\137\000C\000O\000M\000P\000B}{subsection.3.7.2}% 49
\BOOKMARK [3][-]{subsubsection.3.7.2.17}{\376\377\0003\000.\0007\000.\0002\000.\0001\0007\000\040\000T\000I\000M\0001\000\137\000O\000V\000F}{subsection.3.7.2}% 50
\BOOKMARK [3][-]{subsubsection.3.7.2.18}{\376\377\0003\000.\0007\000.\0002\000.\0001\0008\000\040\000T\000I\000M\0002\000\137\000C\000O\000M\000P}{subsection.3.7.2}% 51
\BOOKMARK [3][-]{subsubsection.3.7.2.19}{\376\377\0003\000.\0007\000.\0002\000.\0001\0009\000\040\000T\000I\000M\0002\000\137\000O\000V\000F}{subsection.3.7.2}% 52
\BOOKMARK [3][-]{subsubsection.3.7.2.20}{\376\377\0003\000.\0007\000.\0002\000.\0002\0000\000\040\000T\000W\000I}{subsection.3.7.2}% 53
\BOOKMARK [3][-]{subsubsection.3.7.2.21}{\376\377\0003\000.\0007\000.\0002\000.\0002\0001\000\040\000U\000S\000A\000R\000T\000\137\000R\000X\000C}{subsection.3.7.2}% 54
\BOOKMARK [3][-]{subsubsection.3.7.2.22}{\376\377\0003\000.\0007\000.\0002\000.\0002\0002\000\040\000U\000S\000A\000R\000T\000\137\000T\000X\000C}{subsection.3.7.2}% 55
\BOOKMARK [3][-]{subsubsection.3.7.2.23}{\376\377\0003\000.\0007\000.\0002\000.\0002\0003\000\040\000U\000S\000A\000R\000T\000\137\000U\000D\000R\000E}{subsection.3.7.2}% 56
\BOOKMARK [1][-]{section.3.8}{\376\377\0003\000.\0008\000\040\000M\000C\000U\000\040\000p\000o\000r\000t\000s}{chapter.3}% 57
\BOOKMARK [2][-]{subsection.3.8.1}{\376\377\0003\000.\0008\000.\0001\000\040\000D\000e\000t\000a\000i\000l\000e\000d\000\040\000D\000e\000s\000c\000r\000i\000p\000t\000i\000o\000n}{section.3.8}% 58
\BOOKMARK [2][-]{subsection.3.8.2}{\376\377\0003\000.\0008\000.\0002\000\040\000M\000a\000c\000r\000o\000\040\000D\000e\000f\000i\000n\000i\000t\000i\000o\000n\000\040\000D\000o\000c\000u\000m\000e\000n\000t\000a\000t\000i\000o\000n}{section.3.8}% 59
\BOOKMARK [3][-]{subsubsection.3.8.2.1}{\376\377\0003\000.\0008\000.\0002\000.\0001\000\040\000P\000O\000R\000T\000A\000\137\000O\000F\000F\000S\000E\000T}{subsection.3.8.2}% 60
\BOOKMARK [3][-]{subsubsection.3.8.2.2}{\376\377\0003\000.\0008\000.\0002\000.\0002\000\040\000P\000O\000R\000T\000B\000\137\000O\000F\000F\000S\000E\000T}{subsection.3.8.2}% 61
\BOOKMARK [3][-]{subsubsection.3.8.2.3}{\376\377\0003\000.\0008\000.\0002\000.\0003\000\040\000P\000O\000R\000T\000C\000\137\000O\000F\000F\000S\000E\000T}{subsection.3.8.2}% 62
\BOOKMARK [3][-]{subsubsection.3.8.2.4}{\376\377\0003\000.\0008\000.\0002\000.\0004\000\040\000P\000O\000R\000T\000D\000\137\000O\000F\000F\000S\000E\000T}{subsection.3.8.2}% 63
\BOOKMARK [2][-]{subsection.3.8.3}{\376\377\0003\000.\0008\000.\0003\000\040\000E\000n\000u\000m\000e\000r\000a\000t\000i\000o\000n\000\040\000T\000y\000p\000e\000\040\000D\000o\000c\000u\000m\000e\000n\000t\000a\000t\000i\000o\000n}{section.3.8}% 64
\BOOKMARK [3][-]{subsubsection.3.8.3.1}{\376\377\0003\000.\0008\000.\0003\000.\0001\000\040\000E\000N\000\137\000p\000i\000n\000D\000i\000r\000e\000c\000t\000i\000o\000n\000\137\000t}{subsection.3.8.3}% 65
\BOOKMARK [3][-]{subsubsection.3.8.3.2}{\376\377\0003\000.\0008\000.\0003\000.\0002\000\040\000E\000N\000\137\000p\000i\000n\000E\000r\000r\000o\000\137\000t}{subsection.3.8.3}% 66
\BOOKMARK [3][-]{subsubsection.3.8.3.3}{\376\377\0003\000.\0008\000.\0003\000.\0003\000\040\000E\000N\000\137\000p\000i\000n\000N\000u\000m\000\137\000t}{subsection.3.8.3}% 67
\BOOKMARK [3][-]{subsubsection.3.8.3.4}{\376\377\0003\000.\0008\000.\0003\000.\0004\000\040\000E\000N\000\137\000p\000i\000n\000S\000t\000a\000t\000e\000\137\000t}{subsection.3.8.3}% 68
\BOOKMARK [1][-]{section.3.9}{\376\377\0003\000.\0009\000\040\000B\000i\000t\000\040\000m\000a\000t\000h}{chapter.3}% 69
\BOOKMARK [2][-]{subsection.3.9.1}{\376\377\0003\000.\0009\000.\0001\000\040\000D\000e\000t\000a\000i\000l\000e\000d\000\040\000D\000e\000s\000c\000r\000i\000p\000t\000i\000o\000n}{section.3.9}% 70
\BOOKMARK [2][-]{subsection.3.9.2}{\376\377\0003\000.\0009\000.\0002\000\040\000M\000a\000c\000r\000o\000\040\000D\000e\000f\000i\000n\000i\000t\000i\000o\000n\000\040\000D\000o\000c\000u\000m\000e\000n\000t\000a\000t\000i\000o\000n}{section.3.9}% 71
\BOOKMARK [3][-]{subsubsection.3.9.2.1}{\376\377\0003\000.\0009\000.\0002\000.\0001\000\040\000c\000l\000r\000B\000i\000t}{subsection.3.9.2}% 72
\BOOKMARK [3][-]{subsubsection.3.9.2.2}{\376\377\0003\000.\0009\000.\0002\000.\0002\000\040\000g\000e\000t\000B\000i\000t}{subsection.3.9.2}% 73
\BOOKMARK [3][-]{subsubsection.3.9.2.3}{\376\377\0003\000.\0009\000.\0002\000.\0003\000\040\000s\000e\000t\000B\000i\000t}{subsection.3.9.2}% 74
\BOOKMARK [3][-]{subsubsection.3.9.2.4}{\376\377\0003\000.\0009\000.\0002\000.\0004\000\040\000t\000o\000g\000g\000l\000e\000B\000i\000t}{subsection.3.9.2}% 75
\BOOKMARK [1][-]{section.3.10}{\376\377\0003\000.\0001\0000\000\040\000D\000e\000f\000i\000n\000i\000t\000i\000o\000n\000\040\000o\000f\000\040\000d\000a\000t\000a\000\040\000t\000y\000p\000e\000s}{chapter.3}% 76
\BOOKMARK [2][-]{subsection.3.10.1}{\376\377\0003\000.\0001\0000\000.\0001\000\040\000D\000e\000t\000a\000i\000l\000e\000d\000\040\000D\000e\000s\000c\000r\000i\000p\000t\000i\000o\000n}{section.3.10}% 77
\BOOKMARK [2][-]{subsection.3.10.2}{\376\377\0003\000.\0001\0000\000.\0002\000\040\000T\000y\000p\000e\000d\000e\000f\000\040\000D\000o\000c\000u\000m\000e\000n\000t\000a\000t\000i\000o\000n}{section.3.10}% 78
\BOOKMARK [3][-]{subsubsection.3.10.2.1}{\376\377\0003\000.\0001\0000\000.\0002\000.\0001\000\040\000f\000l\000o\000a\000t\0001\0002\0008\000\137\000t}{subsection.3.10.2}% 79
\BOOKMARK [3][-]{subsubsection.3.10.2.2}{\376\377\0003\000.\0001\0000\000.\0002\000.\0002\000\040\000f\000l\000o\000a\000t\0003\0002\000\137\000t}{subsection.3.10.2}% 80
\BOOKMARK [3][-]{subsubsection.3.10.2.3}{\376\377\0003\000.\0001\0000\000.\0002\000.\0003\000\040\000f\000l\000o\000a\000t\0006\0004\000\137\000t}{subsection.3.10.2}% 81
\BOOKMARK [3][-]{subsubsection.3.10.2.4}{\376\377\0003\000.\0001\0000\000.\0002\000.\0004\000\040\000s\000i\000n\000t\0001\0006\000\137\000t}{subsection.3.10.2}% 82
\BOOKMARK [3][-]{subsubsection.3.10.2.5}{\376\377\0003\000.\0001\0000\000.\0002\000.\0005\000\040\000s\000i\000n\000t\0003\0002\000\137\000t}{subsection.3.10.2}% 83
\BOOKMARK [3][-]{subsubsection.3.10.2.6}{\376\377\0003\000.\0001\0000\000.\0002\000.\0006\000\040\000s\000i\000n\000t\0008\000\137\000t}{subsection.3.10.2}% 84
\BOOKMARK [3][-]{subsubsection.3.10.2.7}{\376\377\0003\000.\0001\0000\000.\0002\000.\0007\000\040\000u\000i\000n\000t\0001\0006\000\137\000t\000t}{subsection.3.10.2}% 85
\BOOKMARK [3][-]{subsubsection.3.10.2.8}{\376\377\0003\000.\0001\0000\000.\0002\000.\0008\000\040\000u\000i\000n\000t\0003\0002\000\137\000t}{subsection.3.10.2}% 86
\BOOKMARK [3][-]{subsubsection.3.10.2.9}{\376\377\0003\000.\0001\0000\000.\0002\000.\0009\000\040\000u\000i\000n\000t\0008\000\137\000t}{subsection.3.10.2}% 87
\BOOKMARK [1][-]{section.3.11}{\376\377\0003\000.\0001\0001\000\040\000S\000e\000r\000v\000i\000c\000e\000\040\000l\000a\000y\000e\000r}{chapter.3}% 88
\BOOKMARK [2][-]{subsection.3.11.1}{\376\377\0003\000.\0001\0001\000.\0001\000\040\000D\000e\000t\000a\000i\000l\000e\000d\000\040\000D\000e\000s\000c\000r\000i\000p\000t\000i\000o\000n}{section.3.11}% 89
\BOOKMARK [1][-]{section.3.12}{\376\377\0003\000.\0001\0002\000\040\000M\000C\000U\000\040\000R\000e\000g\000i\000s\000t\000e\000r\000s}{chapter.3}% 90
\BOOKMARK [2][-]{subsection.3.12.1}{\376\377\0003\000.\0001\0002\000.\0001\000\040\000D\000e\000t\000a\000i\000l\000e\000d\000\040\000D\000e\000s\000c\000r\000i\000p\000t\000i\000o\000n}{section.3.12}% 91
\BOOKMARK [1][-]{section.3.13}{\376\377\0003\000.\0001\0003\000\040\000I\000/\000O\000\040\000r\000e\000g\000i\000s\000t\000e\000r\000s}{chapter.3}% 92
\BOOKMARK [2][-]{subsection.3.13.1}{\376\377\0003\000.\0001\0003\000.\0001\000\040\000D\000e\000t\000a\000i\000l\000e\000d\000\040\000D\000e\000s\000c\000r\000i\000p\000t\000i\000o\000n}{section.3.13}% 93
\BOOKMARK [1][-]{section.3.14}{\376\377\0003\000.\0001\0004\000\040\000P\000o\000r\000t\000\040\000A\000\040\000r\000e\000g\000i\000s\000t\000e\000r\000s}{chapter.3}% 94
\BOOKMARK [2][-]{subsection.3.14.1}{\376\377\0003\000.\0001\0004\000.\0001\000\040\000D\000e\000t\000a\000i\000l\000e\000d\000\040\000D\000e\000s\000c\000r\000i\000p\000t\000i\000o\000n}{section.3.14}% 95
\BOOKMARK [2][-]{subsection.3.14.2}{\376\377\0003\000.\0001\0004\000.\0002\000\040\000M\000a\000c\000r\000o\000\040\000D\000e\000f\000i\000n\000i\000t\000i\000o\000n\000\040\000D\000o\000c\000u\000m\000e\000n\000t\000a\000t\000i\000o\000n}{section.3.14}% 96
\BOOKMARK [3][-]{subsubsection.3.14.2.1}{\376\377\0003\000.\0001\0004\000.\0002\000.\0001\000\040\000D\000D\000R\000A}{subsection.3.14.2}% 97
\BOOKMARK [3][-]{subsubsection.3.14.2.2}{\376\377\0003\000.\0001\0004\000.\0002\000.\0002\000\040\000P\000I\000N\000A}{subsection.3.14.2}% 98
\BOOKMARK [3][-]{subsubsection.3.14.2.3}{\376\377\0003\000.\0001\0004\000.\0002\000.\0003\000\040\000P\000O\000R\000T\000A}{subsection.3.14.2}% 99
\BOOKMARK [1][-]{section.3.15}{\376\377\0003\000.\0001\0005\000\040\000P\000o\000r\000t\000\040\000B\000\040\000r\000e\000g\000i\000s\000t\000e\000r\000s}{chapter.3}% 100
\BOOKMARK [2][-]{subsection.3.15.1}{\376\377\0003\000.\0001\0005\000.\0001\000\040\000D\000e\000t\000a\000i\000l\000e\000d\000\040\000D\000e\000s\000c\000r\000i\000p\000t\000i\000o\000n}{section.3.15}% 101
\BOOKMARK [2][-]{subsection.3.15.2}{\376\377\0003\000.\0001\0005\000.\0002\000\040\000M\000a\000c\000r\000o\000\040\000D\000e\000f\000i\000n\000i\000t\000i\000o\000n\000\040\000D\000o\000c\000u\000m\000e\000n\000t\000a\000t\000i\000o\000n}{section.3.15}% 102
\BOOKMARK [3][-]{subsubsection.3.15.2.1}{\376\377\0003\000.\0001\0005\000.\0002\000.\0001\000\040\000D\000D\000R\000B}{subsection.3.15.2}% 103
\BOOKMARK [3][-]{subsubsection.3.15.2.2}{\376\377\0003\000.\0001\0005\000.\0002\000.\0002\000\040\000P\000I\000N\000B}{subsection.3.15.2}% 104
\BOOKMARK [3][-]{subsubsection.3.15.2.3}{\376\377\0003\000.\0001\0005\000.\0002\000.\0003\000\040\000P\000O\000R\000T\000B}{subsection.3.15.2}% 105
\BOOKMARK [1][-]{section.3.16}{\376\377\0003\000.\0001\0006\000\040\000P\000o\000r\000t\000\040\000C\000\040\000r\000e\000g\000i\000s\000t\000e\000r\000s}{chapter.3}% 106
\BOOKMARK [2][-]{subsection.3.16.1}{\376\377\0003\000.\0001\0006\000.\0001\000\040\000D\000e\000t\000a\000i\000l\000e\000d\000\040\000D\000e\000s\000c\000r\000i\000p\000t\000i\000o\000n}{section.3.16}% 107
\BOOKMARK [2][-]{subsection.3.16.2}{\376\377\0003\000.\0001\0006\000.\0002\000\040\000M\000a\000c\000r\000o\000\040\000D\000e\000f\000i\000n\000i\000t\000i\000o\000n\000\040\000D\000o\000c\000u\000m\000e\000n\000t\000a\000t\000i\000o\000n}{section.3.16}% 108
\BOOKMARK [3][-]{subsubsection.3.16.2.1}{\376\377\0003\000.\0001\0006\000.\0002\000.\0001\000\040\000D\000D\000R\000C}{subsection.3.16.2}% 109
\BOOKMARK [3][-]{subsubsection.3.16.2.2}{\376\377\0003\000.\0001\0006\000.\0002\000.\0002\000\040\000P\000I\000N\000C}{subsection.3.16.2}% 110
\BOOKMARK [3][-]{subsubsection.3.16.2.3}{\376\377\0003\000.\0001\0006\000.\0002\000.\0003\000\040\000P\000O\000R\000T\000C}{subsection.3.16.2}% 111
\BOOKMARK [1][-]{section.3.17}{\376\377\0003\000.\0001\0007\000\040\000P\000o\000r\000t\000\040\000D\000\040\000r\000e\000g\000i\000s\000t\000e\000r\000s}{chapter.3}% 112
\BOOKMARK [2][-]{subsection.3.17.1}{\376\377\0003\000.\0001\0007\000.\0001\000\040\000D\000e\000t\000a\000i\000l\000e\000d\000\040\000D\000e\000s\000c\000r\000i\000p\000t\000i\000o\000n}{section.3.17}% 113
\BOOKMARK [2][-]{subsection.3.17.2}{\376\377\0003\000.\0001\0007\000.\0002\000\040\000M\000a\000c\000r\000o\000\040\000D\000e\000f\000i\000n\000i\000t\000i\000o\000n\000\040\000D\000o\000c\000u\000m\000e\000n\000t\000a\000t\000i\000o\000n}{section.3.17}% 114
\BOOKMARK [3][-]{subsubsection.3.17.2.1}{\376\377\0003\000.\0001\0007\000.\0002\000.\0001\000\040\000D\000D\000R\000D}{subsection.3.17.2}% 115
\BOOKMARK [3][-]{subsubsection.3.17.2.2}{\376\377\0003\000.\0001\0007\000.\0002\000.\0002\000\040\000P\000I\000N\000D}{subsection.3.17.2}% 116
\BOOKMARK [3][-]{subsubsection.3.17.2.3}{\376\377\0003\000.\0001\0007\000.\0002\000.\0003\000\040\000P\000O\000R\000T\000D}{subsection.3.17.2}% 117
\BOOKMARK [1][-]{section.3.18}{\376\377\0003\000.\0001\0008\000\040\000I\000n\000t\000e\000r\000r\000u\000p\000t\000\040\000r\000e\000g\000i\000s\000t\000e\000r\000s}{chapter.3}% 118
\BOOKMARK [2][-]{subsection.3.18.1}{\376\377\0003\000.\0001\0008\000.\0001\000\040\000D\000e\000t\000a\000i\000l\000e\000d\000\040\000D\000e\000s\000c\000r\000i\000p\000t\000i\000o\000n}{section.3.18}% 119
\BOOKMARK [2][-]{subsection.3.18.2}{\376\377\0003\000.\0001\0008\000.\0002\000\040\000M\000a\000c\000r\000o\000\040\000D\000e\000f\000i\000n\000i\000t\000i\000o\000n\000\040\000D\000o\000c\000u\000m\000e\000n\000t\000a\000t\000i\000o\000n}{section.3.18}% 120
\BOOKMARK [3][-]{subsubsection.3.18.2.1}{\376\377\0003\000.\0001\0008\000.\0002\000.\0001\000\040\000G\000I\000C\000R}{subsection.3.18.2}% 121
\BOOKMARK [3][-]{subsubsection.3.18.2.2}{\376\377\0003\000.\0001\0008\000.\0002\000.\0002\000\040\000G\000I\000F\000R}{subsection.3.18.2}% 122
\BOOKMARK [3][-]{subsubsection.3.18.2.3}{\376\377\0003\000.\0001\0008\000.\0002\000.\0003\000\040\000M\000C\000U\000C\000R}{subsection.3.18.2}% 123
\BOOKMARK [3][-]{subsubsection.3.18.2.4}{\376\377\0003\000.\0001\0008\000.\0002\000.\0004\000\040\000M\000C\000U\000C\000S\000R}{subsection.3.18.2}% 124
\BOOKMARK [0][-]{chapter.4}{\376\377\0004\000\040\000F\000i\000l\000e\000\040\000D\000o\000c\000u\000m\000e\000n\000t\000a\000t\000i\000o\000n}{}% 125
\BOOKMARK [1][-]{section.4.1}{\376\377\0004\000.\0001\000\040\000A\000p\000p\000/\000a\000p\000p\000.\000c\000\040\000F\000i\000l\000e\000\040\000R\000e\000f\000e\000r\000e\000n\000c\000e}{chapter.4}% 126
\BOOKMARK [1][-]{section.4.2}{\376\377\0004\000.\0002\000\040\000a\000p\000p\000.\000c}{chapter.4}% 127
\BOOKMARK [1][-]{section.4.3}{\376\377\0004\000.\0003\000\040\000A\000p\000p\000/\000a\000p\000p\000.\000h\000\040\000F\000i\000l\000e\000\040\000R\000e\000f\000e\000r\000e\000n\000c\000e}{chapter.4}% 128
\BOOKMARK [1][-]{section.4.4}{\376\377\0004\000.\0004\000\040\000a\000p\000p\000.\000h}{chapter.4}% 129
\BOOKMARK [1][-]{section.4.5}{\376\377\0004\000.\0005\000\040\000D\000e\000b\000u\000g\000/\000A\000p\000p\000/\000a\000p\000p\000.\000d\000\040\000F\000i\000l\000e\000\040\000R\000e\000f\000e\000r\000e\000n\000c\000e}{chapter.4}% 130
\BOOKMARK [1][-]{section.4.6}{\376\377\0004\000.\0006\000\040\000a\000p\000p\000.\000d}{chapter.4}% 131
\BOOKMARK [1][-]{section.4.7}{\376\377\0004\000.\0007\000\040\000D\000e\000b\000u\000g\000/\000E\000C\000U\000A\000L\000/\000B\000u\000t\000t\000o\000n\000\040\000d\000r\000i\000v\000e\000r\000/\000B\000u\000t\000t\000o\000n\000.\000d\000\040\000F\000i\000l\000e\000\040\000R\000e\000f\000e\000r\000e\000n\000c\000e}{chapter.4}% 132
\BOOKMARK [1][-]{section.4.8}{\376\377\0004\000.\0008\000\040\000B\000u\000t\000t\000o\000n\000.\000d}{chapter.4}% 133
\BOOKMARK [1][-]{section.4.9}{\376\377\0004\000.\0009\000\040\000D\000e\000b\000u\000g\000/\000E\000C\000U\000A\000L\000/\000L\000E\000D\000\040\000d\000r\000i\000v\000e\000r\000/\000L\000E\000D\000.\000d\000\040\000F\000i\000l\000e\000\040\000R\000e\000f\000e\000r\000e\000n\000c\000e}{chapter.4}% 134
\BOOKMARK [1][-]{section.4.10}{\376\377\0004\000.\0001\0000\000\040\000L\000E\000D\000.\000d}{chapter.4}% 135
\BOOKMARK [1][-]{section.4.11}{\376\377\0004\000.\0001\0001\000\040\000D\000e\000b\000u\000g\000/\000m\000a\000i\000n\000.\000d\000\040\000F\000i\000l\000e\000\040\000R\000e\000f\000e\000r\000e\000n\000c\000e}{chapter.4}% 136
\BOOKMARK [1][-]{section.4.12}{\376\377\0004\000.\0001\0002\000\040\000m\000a\000i\000n\000.\000d}{chapter.4}% 137
\BOOKMARK [1][-]{section.4.13}{\376\377\0004\000.\0001\0003\000\040\000D\000e\000b\000u\000g\000/\000M\000C\000A\000L\000/\000D\000i\000o\000\040\000d\000r\000i\000v\000e\000r\000/\000D\000I\000O\000.\000d\000\040\000F\000i\000l\000e\000\040\000R\000e\000f\000e\000r\000e\000n\000c\000e}{chapter.4}% 138
\BOOKMARK [1][-]{section.4.14}{\376\377\0004\000.\0001\0004\000\040\000D\000I\000O\000.\000d}{chapter.4}% 139
\BOOKMARK [1][-]{section.4.15}{\376\377\0004\000.\0001\0005\000\040\000E\000C\000U\000A\000L\000/\000B\000u\000t\000t\000o\000n\000\040\000d\000r\000i\000v\000e\000r\000/\000B\000u\000t\000t\000o\000n\000.\000c\000\040\000F\000i\000l\000e\000\040\000R\000e\000f\000e\000r\000e\000n\000c\000e}{chapter.4}% 140
\BOOKMARK [1][-]{section.4.16}{\376\377\0004\000.\0001\0006\000\040\000B\000u\000t\000t\000o\000n\000.\000c}{chapter.4}% 141
\BOOKMARK [1][-]{section.4.17}{\376\377\0004\000.\0001\0007\000\040\000E\000C\000U\000A\000L\000/\000B\000u\000t\000t\000o\000n\000\040\000d\000r\000i\000v\000e\000r\000/\000B\000u\000t\000t\000o\000n\000.\000h\000\040\000F\000i\000l\000e\000\040\000R\000e\000f\000e\000r\000e\000n\000c\000e}{chapter.4}% 142
\BOOKMARK [1][-]{section.4.18}{\376\377\0004\000.\0001\0008\000\040\000B\000u\000t\000t\000o\000n\000.\000h}{chapter.4}% 143
\BOOKMARK [1][-]{section.4.19}{\376\377\0004\000.\0001\0009\000\040\000E\000C\000U\000A\000L\000/\000L\000E\000D\000\040\000d\000r\000i\000v\000e\000r\000/\000L\000E\000D\000.\000c\000\040\000F\000i\000l\000e\000\040\000R\000e\000f\000e\000r\000e\000n\000c\000e}{chapter.4}% 144
\BOOKMARK [1][-]{section.4.20}{\376\377\0004\000.\0002\0000\000\040\000L\000E\000D\000.\000c}{chapter.4}% 145
\BOOKMARK [1][-]{section.4.21}{\376\377\0004\000.\0002\0001\000\040\000E\000C\000U\000A\000L\000/\000L\000E\000D\000\040\000d\000r\000i\000v\000e\000r\000/\000L\000E\000D\000.\000h\000\040\000F\000i\000l\000e\000\040\000R\000e\000f\000e\000r\000e\000n\000c\000e}{chapter.4}% 146
\BOOKMARK [1][-]{section.4.22}{\376\377\0004\000.\0002\0002\000\040\000L\000E\000D\000.\000h}{chapter.4}% 147
\BOOKMARK [1][-]{section.4.23}{\376\377\0004\000.\0002\0003\000\040\000m\000a\000i\000n\000.\000c\000\040\000F\000i\000l\000e\000\040\000R\000e\000f\000e\000r\000e\000n\000c\000e}{chapter.4}% 148
\BOOKMARK [2][-]{subsection.4.23.1}{\376\377\0004\000.\0002\0003\000.\0001\000\040\000F\000u\000n\000c\000t\000i\000o\000n\000\040\000D\000o\000c\000u\000m\000e\000n\000t\000a\000t\000i\000o\000n}{section.4.23}% 149
\BOOKMARK [3][-]{subsubsection.4.23.1.1}{\376\377\0004\000.\0002\0003\000.\0001\000.\0001\000\040\000m\000a\000i\000n\000\050\000\051}{subsection.4.23.1}% 150
\BOOKMARK [1][-]{section.4.24}{\376\377\0004\000.\0002\0004\000\040\000m\000a\000i\000n\000.\000c}{chapter.4}% 151
\BOOKMARK [1][-]{section.4.25}{\376\377\0004\000.\0002\0005\000\040\000M\000C\000A\000L\000/\000D\000i\000o\000\040\000d\000r\000i\000v\000e\000r\000/\000D\000I\000O\000.\000c\000\040\000F\000i\000l\000e\000\040\000R\000e\000f\000e\000r\000e\000n\000c\000e}{chapter.4}% 152
\BOOKMARK [1][-]{section.4.26}{\376\377\0004\000.\0002\0006\000\040\000D\000I\000O\000.\000c}{chapter.4}% 153
\BOOKMARK [1][-]{section.4.27}{\376\377\0004\000.\0002\0007\000\040\000M\000C\000A\000L\000/\000D\000i\000o\000\040\000d\000r\000i\000v\000e\000r\000/\000D\000I\000O\000.\000h\000\040\000F\000i\000l\000e\000\040\000R\000e\000f\000e\000r\000e\000n\000c\000e}{chapter.4}% 154
\BOOKMARK [2][-]{subsection.4.27.1}{\376\377\0004\000.\0002\0007\000.\0001\000\040\000D\000e\000t\000a\000i\000l\000e\000d\000\040\000D\000e\000s\000c\000r\000i\000p\000t\000i\000o\000n}{section.4.27}% 155
\BOOKMARK [1][-]{section.4.28}{\376\377\0004\000.\0002\0008\000\040\000D\000I\000O\000.\000h}{chapter.4}% 156
\BOOKMARK [1][-]{section.4.29}{\376\377\0004\000.\0002\0009\000\040\000M\000C\000A\000L\000/\000E\000x\000t\000\040\000i\000n\000t\000e\000r\000r\000u\000p\000t\000\040\000d\000r\000i\000v\000e\000r\000/\000E\000x\000t\000\040\000i\000n\000t\000e\000r\000r\000u\000p\000t\000.\000c\000\040\000F\000i\000l\000e\000\040\000R\000e\000f\000e\000r\000e\000n\000c\000e}{chapter.4}% 157
\BOOKMARK [1][-]{section.4.30}{\376\377\0004\000.\0003\0000\000\040\000E\000x\000t\000\040\000i\000n\000t\000e\000r\000r\000u\000p\000t\000.\000c}{chapter.4}% 158
\BOOKMARK [1][-]{section.4.31}{\376\377\0004\000.\0003\0001\000\040\000M\000C\000A\000L\000/\000E\000x\000t\000\040\000i\000n\000t\000e\000r\000r\000u\000p\000t\000\040\000d\000r\000i\000v\000e\000r\000/\000E\000x\000t\000\040\000i\000n\000t\000e\000r\000r\000u\000p\000t\000.\000h\000\040\000F\000i\000l\000e\000\040\000R\000e\000f\000e\000r\000e\000n\000c\000e}{chapter.4}% 159
\BOOKMARK [2][-]{subsection.4.31.1}{\376\377\0004\000.\0003\0001\000.\0001\000\040\000M\000a\000c\000r\000o\000\040\000D\000e\000f\000i\000n\000i\000t\000i\000o\000n\000\040\000D\000o\000c\000u\000m\000e\000n\000t\000a\000t\000i\000o\000n}{section.4.31}% 160
\BOOKMARK [3][-]{subsubsection.4.31.1.1}{\376\377\0004\000.\0003\0001\000.\0001\000.\0001\000\040\000E\000X\000T}{subsection.4.31.1}% 161
\BOOKMARK [1][-]{section.4.32}{\376\377\0004\000.\0003\0002\000\040\000E\000x\000t\000\040\000i\000n\000t\000e\000r\000r\000u\000p\000t\000.\000h}{chapter.4}% 162
\BOOKMARK [1][-]{section.4.33}{\376\377\0004\000.\0003\0003\000\040\000M\000C\000A\000L\000/\000I\000n\000t\000e\000r\000r\000u\000p\000t\000/\000I\000n\000t\000e\000r\000r\000u\000p\000t\000.\000h\000\040\000F\000i\000l\000e\000\040\000R\000e\000f\000e\000r\000e\000n\000c\000e}{chapter.4}% 163
\BOOKMARK [1][-]{section.4.34}{\376\377\0004\000.\0003\0004\000\040\000I\000n\000t\000e\000r\000r\000u\000p\000t\000.\000h}{chapter.4}% 164
\BOOKMARK [1][-]{section.4.35}{\376\377\0004\000.\0003\0005\000\040\000S\000e\000r\000v\000i\000c\000e\000/\000A\000T\000m\000e\000g\000a\0003\0002\000P\000o\000r\000t\000.\000h\000\040\000F\000i\000l\000e\000\040\000R\000e\000f\000e\000r\000e\000n\000c\000e}{chapter.4}% 165
\BOOKMARK [1][-]{section.4.36}{\376\377\0004\000.\0003\0006\000\040\000A\000T\000m\000e\000g\000a\0003\0002\000P\000o\000r\000t\000.\000h}{chapter.4}% 166
\BOOKMARK [1][-]{section.4.37}{\376\377\0004\000.\0003\0007\000\040\000S\000e\000r\000v\000i\000c\000e\000/\000B\000i\000t\000M\000a\000t\000h\000.\000h\000\040\000F\000i\000l\000e\000\040\000R\000e\000f\000e\000r\000e\000n\000c\000e}{chapter.4}% 167
\BOOKMARK [1][-]{section.4.38}{\376\377\0004\000.\0003\0008\000\040\000B\000i\000t\000M\000a\000t\000h\000.\000h}{chapter.4}% 168
\BOOKMARK [1][-]{section.4.39}{\376\377\0004\000.\0003\0009\000\040\000S\000e\000r\000v\000i\000c\000e\000/\000d\000a\000t\000a\000T\000y\000p\000e\000s\000.\000h\000\040\000F\000i\000l\000e\000\040\000R\000e\000f\000e\000r\000e\000n\000c\000e}{chapter.4}% 169
\BOOKMARK [1][-]{section.4.40}{\376\377\0004\000.\0004\0000\000\040\000d\000a\000t\000a\000T\000y\000p\000e\000s\000.\000h}{chapter.4}% 170
\BOOKMARK [1][-]{section.4.41}{\376\377\0004\000.\0004\0001\000\040\000S\000e\000r\000v\000i\000c\000e\000/\000R\000e\000g\000i\000s\000t\000e\000r\000F\000i\000l\000e\000.\000h\000\040\000F\000i\000l\000e\000\040\000R\000e\000f\000e\000r\000e\000n\000c\000e}{chapter.4}% 171
\BOOKMARK [1][-]{section.4.42}{\376\377\0004\000.\0004\0002\000\040\000R\000e\000g\000i\000s\000t\000e\000r\000F\000i\000l\000e\000.\000h}{chapter.4}% 172
\BOOKMARK [0][-]{section*.35}{\376\377\000I\000n\000d\000e\000x}{}% 173
